TN:
SF:src/carteira-recebida/servico/servico-carteira-moedas-recebidas.ts
FN:15,(anonymous_0)
FN:19,(anonymous_1)
FN:40,(anonymous_3)
FN:56,(anonymous_5)
FNF:4
FNH:3
FNDA:1,(anonymous_0)
FNDA:1,(anonymous_1)
FNDA:0,(anonymous_3)
FNDA:1,(anonymous_5)
DA:2,1
DA:10,1
DA:16,1
DA:17,1
DA:21,1
DA:23,1
DA:28,1
DA:29,0
DA:32,1
DA:37,1
DA:41,0
DA:46,0
DA:47,0
DA:50,0
DA:57,1
DA:62,1
DA:63,0
DA:66,1
DA:67,0
DA:70,1
LF:20
LH:13
BRDA:28,0,0,0
BRDA:46,1,0,0
BRDA:62,2,0,0
BRDA:66,3,0,0
BRF:4
BRH:0
end_of_record
TN:
SF:src/pedido/servico/servico-pedido.ts
FN:59,(anonymous_0)
FN:66,(anonymous_1)
FN:71,(anonymous_3)
FN:71,(anonymous_4)
FN:84,(anonymous_5)
FN:96,(anonymous_7)
FN:105,(anonymous_8)
FN:105,(anonymous_9)
FN:118,(anonymous_10)
FN:137,(anonymous_12)
FN:137,(anonymous_13)
FN:150,(anonymous_14)
FN:150,(anonymous_15)
FN:164,(anonymous_16)
FN:184,(anonymous_18)
FN:190,(anonymous_20)
FN:190,(anonymous_21)
FN:194,(anonymous_22)
FN:194,(anonymous_23)
FN:208,(anonymous_24)
FN:208,(anonymous_25)
FNF:21
FNH:10
FNDA:1,(anonymous_0)
FNDA:0,(anonymous_1)
FNDA:0,(anonymous_3)
FNDA:0,(anonymous_4)
FNDA:1,(anonymous_5)
FNDA:1,(anonymous_7)
FNDA:1,(anonymous_8)
FNDA:1,(anonymous_9)
FNDA:1,(anonymous_10)
FNDA:1,(anonymous_12)
FNDA:1,(anonymous_13)
FNDA:1,(anonymous_14)
FNDA:1,(anonymous_15)
FNDA:0,(anonymous_16)
FNDA:0,(anonymous_18)
FNDA:0,(anonymous_20)
FNDA:0,(anonymous_21)
FNDA:0,(anonymous_22)
FNDA:0,(anonymous_23)
FNDA:0,(anonymous_24)
FNDA:0,(anonymous_25)
DA:2,1
DA:3,1
DA:5,1
DA:53,1
DA:60,1
DA:61,1
DA:62,1
DA:63,1
DA:67,0
DA:69,0
DA:71,0
DA:72,0
DA:73,0
DA:81,0
DA:85,1
DA:86,1
DA:87,0
DA:90,1
DA:95,1
DA:96,1
DA:97,1
DA:100,1
DA:105,1
DA:106,1
DA:107,1
DA:125,1
DA:127,1
DA:128,0
DA:131,1
DA:132,1
DA:133,0
DA:134,0
DA:137,1
DA:138,1
DA:139,1
DA:140,1
DA:141,0
DA:150,1
DA:151,1
DA:154,1
DA:156,1
DA:165,0
DA:171,0
DA:172,0
DA:175,0
DA:190,0
DA:191,0
DA:194,0
DA:195,0
DA:198,0
DA:200,0
DA:206,0
DA:208,0
DA:209,0
DA:210,0
LF:55
LH:30
BRDA:86,0,0,0
BRDA:127,1,0,0
BRDA:132,2,0,0
BRDA:140,3,0,0
BRDA:171,4,0,0
BRF:5
BRH:0
end_of_record
TN:
SF:src/produto/dominio/produto.ts
FN:8,(anonymous_0)
FNF:1
FNH:1
FNDA:2,(anonymous_0)
DA:1,1
DA:9,2
DA:10,2
DA:11,2
DA:12,2
DA:14,2
DA:15,0
DA:17,2
DA:18,0
DA:20,2
DA:21,0
LF:11
LH:8
BRDA:14,0,0,0
BRDA:17,1,0,0
BRDA:20,2,0,0
BRF:3
BRH:0
end_of_record
TN:
SF:src/produto/servico/servico-produto.ts
FN:7,(anonymous_0)
FN:11,(anonymous_1)
FN:16,(anonymous_3)
FN:22,(anonymous_4)
FN:35,(anonymous_6)
FN:46,(anonymous_8)
FN:65,(anonymous_10)
FN:77,(anonymous_12)
FN:94,(anonymous_14)
FNF:9
FNH:3
FNDA:1,(anonymous_0)
FNDA:0,(anonymous_1)
FNDA:0,(anonymous_3)
FNDA:2,(anonymous_4)
FNDA:0,(anonymous_6)
FNDA:0,(anonymous_8)
FNDA:0,(anonymous_10)
FNDA:1,(anonymous_12)
FNDA:0,(anonymous_14)
DA:2,1
DA:4,1
DA:8,1
DA:12,0
DA:14,0
DA:16,0
DA:17,0
DA:19,0
DA:23,2
DA:28,2
DA:29,0
DA:31,2
DA:36,0
DA:38,0
DA:47,0
DA:50,0
DA:51,0
DA:53,0
DA:55,0
DA:67,0
DA:70,0
DA:71,0
DA:74,0
DA:79,1
DA:84,1
DA:85,0
DA:87,1
DA:89,1
DA:96,0
DA:101,0
DA:102,0
DA:105,0
DA:107,0
DA:108,0
LF:34
LH:10
BRDA:28,0,0,0
BRDA:50,1,0,0
BRDA:70,2,0,0
BRDA:84,3,0,0
BRDA:101,4,0,0
BRDA:107,5,0,0
BRF:6
BRH:0
end_of_record
TN:
SF:src/usuario/dominio/usuario.ts
FN:8,(anonymous_0)
FNF:1
FNH:1
FNDA:1,(anonymous_0)
DA:1,1
DA:9,1
DA:10,1
DA:11,1
DA:12,1
DA:14,1
DA:15,0
DA:17,1
DA:18,0
LF:9
LH:7
BRDA:14,0,0,0
BRDA:17,1,0,0
BRF:2
BRH:0
end_of_record
TN:
SF:src/usuario/servico/servico-usuario.ts
FN:7,(anonymous_0)
FN:10,(anonymous_1)
FN:15,(anonymous_3)
FN:22,(anonymous_4)
FN:34,(anonymous_6)
FN:43,(anonymous_8)
FN:62,(anonymous_10)
FNF:7
FNH:2
FNDA:2,(anonymous_0)
FNDA:0,(anonymous_1)
FNDA:0,(anonymous_3)
FNDA:1,(anonymous_4)
FNDA:0,(anonymous_6)
FNDA:0,(anonymous_8)
FNDA:0,(anonymous_10)
DA:2,1
DA:4,1
DA:8,2
DA:11,0
DA:13,0
DA:15,0
DA:16,0
DA:18,0
DA:23,1
DA:26,1
DA:27,0
DA:30,1
DA:35,0
DA:37,0
DA:44,0
DA:47,0
DA:48,0
DA:51,0
DA:53,0
DA:63,0
DA:66,0
DA:67,0
DA:70,0
LF:23
LH:6
BRDA:26,0,0,0
BRDA:47,1,0,0
BRDA:66,2,0,0
BRF:3
BRH:0
end_of_record
