TN:
SF:src/carteira-doacao/servico/servico-carteira-moedas-doadas.ts
FN:15,(anonymous_0)
FN:20,(anonymous_1)
FN:42,(anonymous_3)
FN:62,(anonymous_5)
FNF:4
FNH:4
FNDA:1,(anonymous_0)
FNDA:2,(anonymous_1)
FNDA:3,(anonymous_3)
FNDA:2,(anonymous_5)
DA:2,1
DA:10,1
DA:16,1
DA:17,1
DA:22,2
DA:24,2
DA:30,2
DA:31,1
DA:34,1
DA:39,1
DA:44,3
DA:49,3
DA:50,1
DA:53,2
DA:54,1
DA:57,1
DA:63,2
DA:68,2
DA:69,1
DA:72,1
LF:20
LH:20
BRDA:30,0,0,1
BRDA:49,1,0,1
BRDA:53,2,0,1
BRDA:68,3,0,1
BRF:4
BRH:4
end_of_record
TN:
SF:src/usuario/dominio/usuario.ts
FN:8,(anonymous_0)
FNF:1
FNH:1
FNDA:2,(anonymous_0)
DA:1,1
DA:9,2
DA:10,2
DA:11,2
DA:12,2
DA:14,2
DA:15,0
DA:17,2
DA:18,0
LF:9
LH:7
BRDA:14,0,0,0
BRDA:17,1,0,0
BRF:2
BRH:0
end_of_record
TN:
SF:src/usuario/servico/servico-usuario.ts
FN:7,(anonymous_0)
FN:10,(anonymous_1)
FN:15,(anonymous_3)
FN:22,(anonymous_4)
FN:34,(anonymous_6)
FN:43,(anonymous_8)
FN:62,(anonymous_10)
FNF:7
FNH:2
FNDA:1,(anonymous_0)
FNDA:0,(anonymous_1)
FNDA:0,(anonymous_3)
FNDA:2,(anonymous_4)
FNDA:0,(anonymous_6)
FNDA:0,(anonymous_8)
FNDA:0,(anonymous_10)
DA:2,1
DA:4,1
DA:8,1
DA:11,0
DA:13,0
DA:15,0
DA:16,0
DA:18,0
DA:23,2
DA:26,2
DA:27,0
DA:30,2
DA:35,0
DA:37,0
DA:44,0
DA:47,0
DA:48,0
DA:51,0
DA:53,0
DA:63,0
DA:66,0
DA:67,0
DA:70,0
LF:23
LH:6
BRDA:26,0,0,0
BRDA:47,1,0,0
BRDA:66,2,0,0
BRF:3
BRH:0
end_of_record
